Arguments: 
  /usr/local/Cellar/node/11.12.0/bin/node /usr/local/Cellar/yarn/1.15.2/libexec/bin/yarn.js init

PATH: 
  /Users/parismic/scripts/stitcher/bin:/Users/parismic/.rbenv/shims:/Users/parismic/.toolbox/bin:/Users/parismic/Projects/appsync-model-transform/packages/appsync-cli/lib:/usr/local/bin:/usr/bin:/Users/parismic/.nvm/versions/node/v8.11.3/bin:/Users/parismic/flutter/bin:/Users/parismic/scripts/:/Users/parismic/.npm-packages/bin:/Users/parismic/.cargo/bin:/Library/Frameworks/Python.framework/Versions/3.4/bin:/Library/Frameworks/Python.framework/Versions/3.5/bin:/Library/Frameworks/Python.framework/Versions/3.6/bin:/Users/parismic/bin:/Users/parismic/Library/Python/2.7/bin:/usr/local/bin:/usr/bin:/bin:/usr/sbin:/sbin:/Users/parismic/scripts/stitcher/bin:/Users/parismic/.rbenv/shims:/Users/parismic/.toolbox/bin:/Users/parismic/Projects/appsync-model-transform/packages/appsync-cli/lib:/Users/parismic/flutter/bin:/Users/parismic/scripts/:/Users/parismic/.npm-packages/bin:/Users/parismic/.cargo/bin:/Library/Frameworks/Python.framework/Versions/3.4/bin:/Library/Frameworks/Python.framework/Versions/3.5/bin:/Library/Frameworks/Python.framework/Versions/3.6/bin:/Users/parismic/bin:/Users/parismic/Library/Python/2.7/bin

Yarn version: 
  1.15.2

Node version: 
  11.12.0

Platform: 
  darwin x64

Trace: 
  Error: canceled
      at Interface.<anonymous> (/usr/local/Cellar/yarn/1.15.2/libexec/lib/cli.js:125801:13)
      at Interface.emit (events.js:197:13)
      at Interface._ttyWrite (readline.js:820:16)
      at ReadStream.onkeypress (readline.js:184:10)
      at ReadStream.emit (events.js:197:13)
      at emitKeys (internal/readline.js:424:14)
      at emitKeys.next (<anonymous>)
      at ReadStream.onData (readline.js:1093:36)
      at ReadStream.emit (events.js:197:13)
      at addChunk (_stream_readable.js:288:12)

npm manifest: 
  No manifest

yarn manifest: 
  No manifest

Lockfile: 
  No lockfile
